<?xml version="1.0" encoding="UTF-8"?>
<!-- Generated by org.testng.reporters.JUnitReportReporter -->
<testsuite hostname="DESKTOP-97NHFGP" failures="0" tests="2" name="com.crm.qa.testcases.CompanyPageTest" time="78.692" errors="0" timestamp="2019-09-24T15:55:16 IST" skipped="0">
  <testcase classname="com.crm.qa.testcases.CompanyPageTest" name="NewcompaniesButton" time="14.412"/>
  <testcase classname="com.crm.qa.testcases.CompanyPageTest" name="addNewCompanyDetails" time="64.280"/>
</testsuite> <!-- com.crm.qa.testcases.CompanyPageTest -->
