<?xml version="1.0" encoding="UTF-8"?>
<!-- Generated by org.testng.reporters.JUnitReportReporter -->
<testsuite hostname="DESKTOP-97NHFGP" failures="0" tests="2" name="com.crm.qa.testcases.CalenderPageTest" time="63.577" errors="0" timestamp="2019-09-12T16:58:24 IST" skipped="0">
  <testcase classname="com.crm.qa.testcases.CalenderPageTest" name="newCalenderButtonTest" time="13.791"/>
  <testcase classname="com.crm.qa.testcases.CalenderPageTest" name="newCalenderAddDetailsTest" time="49.786"/>
</testsuite> <!-- com.crm.qa.testcases.CalenderPageTest -->
