<?xml version="1.0" encoding="UTF-8"?>
<!-- Generated by org.testng.reporters.JUnitReportReporter -->
<testsuite hostname="DESKTOP-97NHFGP" failures="0" tests="2" name="com.crm.qa.testcases.CallPageTest" time="43.328" errors="0" timestamp="2019-09-12T16:58:24 IST" skipped="0">
  <testcase classname="com.crm.qa.testcases.CallPageTest" name="newCallButtonTest" time="13.876"/>
  <testcase classname="com.crm.qa.testcases.CallPageTest" name="addNewCallTest" time="29.452"/>
</testsuite> <!-- com.crm.qa.testcases.CallPageTest -->
