<?xml version="1.0" encoding="UTF-8"?>
<!-- Generated by org.testng.reporters.JUnitReportReporter -->
<testsuite hostname="DESKTOP-97NHFGP" failures="0" tests="2" name="com.crm.qa.testcases.TaskPageTest" time="37.417" errors="0" timestamp="2019-09-12T16:58:24 IST" skipped="0">
  <testcase classname="com.crm.qa.testcases.TaskPageTest" name="createNewTaskTest" time="13.741"/>
  <testcase classname="com.crm.qa.testcases.TaskPageTest" name="addNewTaskDetailsTest" time="23.676"/>
</testsuite> <!-- com.crm.qa.testcases.TaskPageTest -->
