<?xml version="1.0" encoding="UTF-8"?>
<!-- Generated by org.testng.reporters.JUnitReportReporter -->
<testsuite hostname="DESKTOP-97NHFGP" failures="0" tests="3" name="com.crm.qa.testcases.HomeScreenTest" time="35.080" errors="0" timestamp="2019-09-12T16:58:24 IST" skipped="0">
  <testcase classname="com.crm.qa.testcases.HomeScreenTest" name="testloginbtn" time="11.663"/>
  <testcase classname="com.crm.qa.testcases.HomeScreenTest" name="testsignupButton" time="16.577"/>
  <testcase classname="com.crm.qa.testcases.HomeScreenTest" name="crmTitleTest" time="6.840"/>
</testsuite> <!-- com.crm.qa.testcases.HomeScreenTest -->
