<?xml version="1.0" encoding="UTF-8"?>
<!-- Generated by org.testng.reporters.JUnitReportReporter -->
<testsuite hostname="DESKTOP-97NHFGP" failures="0" tests="4" name="com.crm.qa.testcases.LoginPageTest" time="61.072" errors="0" timestamp="2019-09-12T16:58:24 IST" skipped="0">
  <testcase classname="com.crm.qa.testcases.LoginPageTest" name="lgntest" time="14.330"/>
  <testcase classname="com.crm.qa.testcases.LoginPageTest" name="forgotpasswordTest" time="14.059"/>
  <testcase classname="com.crm.qa.testcases.LoginPageTest" name="classicCRMTest" time="14.867"/>
  <testcase classname="com.crm.qa.testcases.LoginPageTest" name="signuppageTest" time="17.816"/>
</testsuite> <!-- com.crm.qa.testcases.LoginPageTest -->
