<?xml version="1.0" encoding="UTF-8"?>
<!-- Generated by org.testng.reporters.JUnitReportReporter -->
<testsuite hostname="DESKTOP-97NHFGP" failures="0" tests="2" name="com.crm.qa.testcases.DealPageTest" time="32.211" errors="0" timestamp="2019-08-30T18:28:57 IST" skipped="0">
  <testcase classname="com.crm.qa.testcases.DealPageTest" name="newDealButtonTest" time="15.470"/>
  <testcase classname="com.crm.qa.testcases.DealPageTest" name="addNewDealTest" time="16.741"/>
</testsuite> <!-- com.crm.qa.testcases.DealPageTest -->
