<?xml version="1.0" encoding="UTF-8"?>
<!-- Generated by org.testng.reporters.JUnitReportReporter -->
<testsuite hostname="DESKTOP-97NHFGP" failures="0" tests="2" name="com.crm.qa.testcases.HomePageTest" time="29.382" errors="0" timestamp="2019-09-12T16:58:24 IST" skipped="0">
  <testcase classname="com.crm.qa.testcases.HomePageTest" name="crmLogoTest" time="16.062"/>
  <testcase classname="com.crm.qa.testcases.HomePageTest" name="ContactButtonTest" time="13.320"/>
</testsuite> <!-- com.crm.qa.testcases.HomePageTest -->
