<?xml version="1.0" encoding="UTF-8"?>
<!-- Generated by org.testng.reporters.JUnitReportReporter -->
<testsuite hostname="DESKTOP-97NHFGP" failures="0" tests="3" name="com.crm.qa.testcases.HomeScreenTest" time="49.126" errors="0" timestamp="2019-08-30T18:28:57 IST" skipped="0">
  <testcase classname="com.crm.qa.testcases.HomeScreenTest" name="testloginbtn" time="14.346"/>
  <testcase classname="com.crm.qa.testcases.HomeScreenTest" name="testsignupButton" time="25.747"/>
  <testcase classname="com.crm.qa.testcases.HomeScreenTest" name="crmTitleTest" time="9.033"/>
</testsuite> <!-- com.crm.qa.testcases.HomeScreenTest -->
