<?xml version="1.0" encoding="UTF-8"?>
<!-- Generated by org.testng.reporters.JUnitReportReporter -->
<testsuite hostname="DESKTOP-97NHFGP" failures="0" tests="2" name="com.crm.qa.testcases.DealPageTest" time="30.612" errors="0" timestamp="2019-09-12T16:58:24 IST" skipped="0">
  <testcase classname="com.crm.qa.testcases.DealPageTest" name="newDealButtonTest" time="14.323"/>
  <testcase classname="com.crm.qa.testcases.DealPageTest" name="addNewDealTest" time="16.289"/>
</testsuite> <!-- com.crm.qa.testcases.DealPageTest -->
