<?xml version="1.0" encoding="UTF-8"?>
<!-- Generated by org.testng.reporters.JUnitReportReporter -->
<testsuite hostname="DESKTOP-97NHFGP" failures="0" tests="2" name="com.crm.qa.testcases.HomePageTest" time="34.227" errors="0" timestamp="2019-08-30T18:28:57 IST" skipped="0">
  <testcase classname="com.crm.qa.testcases.HomePageTest" name="crmLogoTest" time="17.019"/>
  <testcase classname="com.crm.qa.testcases.HomePageTest" name="ContactButtonTest" time="17.208"/>
</testsuite> <!-- com.crm.qa.testcases.HomePageTest -->
