<?xml version="1.0" encoding="UTF-8"?>
<!-- Generated by org.testng.reporters.JUnitReportReporter -->
<testsuite hostname="DESKTOP-97NHFGP" failures="0" tests="4" name="com.crm.qa.testcases.LoginPageTest" time="85.955" errors="0" timestamp="2019-08-30T18:28:57 IST" skipped="0">
  <testcase classname="com.crm.qa.testcases.LoginPageTest" name="lgntest" time="11.992"/>
  <testcase classname="com.crm.qa.testcases.LoginPageTest" name="forgotpasswordTest" time="21.676"/>
  <testcase classname="com.crm.qa.testcases.LoginPageTest" name="classicCRMTest" time="23.401"/>
  <testcase classname="com.crm.qa.testcases.LoginPageTest" name="signuppageTest" time="28.886"/>
</testsuite> <!-- com.crm.qa.testcases.LoginPageTest -->
